04-Nov-21 23:32:32 - ************Consensus begin*********
04-Nov-21 23:32:32 - ************begin reduction************
04-Nov-21 23:32:34 - ************reduction end************
04-Nov-21 23:32:34 - hblock is:
04-Nov-21 23:32:34 - 164c5ed0bee348f80a9a11bb1633f0c260b303280f9401cac6696d336a1c440f
04-Nov-21 23:32:47 - ************Consensus end*********
04-Nov-21 23:32:47 - FINAL consensus is:
04-Nov-21 23:32:47 - 164c5ed0bee348f80a9a11bb1633f0c260b303280f9401cac6696d336a1c440f
04-Nov-21 23:32:51 - ************Consensus begin*********
04-Nov-21 23:32:51 - ************begin reduction************
04-Nov-21 23:32:54 - ************reduction end************
04-Nov-21 23:32:54 - hblock is:
04-Nov-21 23:32:54 - 689c37f27f1cd766783b1ac5f4303e3c6450f6152d11c3b2f8dd82cf0c84e492
04-Nov-21 23:33:06 - ************Consensus end*********
04-Nov-21 23:33:06 - FINAL consensus is:
04-Nov-21 23:33:06 - 689c37f27f1cd766783b1ac5f4303e3c6450f6152d11c3b2f8dd82cf0c84e492
04-Nov-21 23:33:09 - ************Consensus begin*********
04-Nov-21 23:33:09 - ************begin reduction************
04-Nov-21 23:33:12 - ************reduction end************
04-Nov-21 23:33:12 - hblock is:
04-Nov-21 23:33:12 - 265a3049e4a94961946004825e6d613259509ee6cf10f90b63b126f64fd91110
04-Nov-21 23:33:24 - ************Consensus end*********
04-Nov-21 23:33:24 - FINAL consensus is:
04-Nov-21 23:33:24 - 265a3049e4a94961946004825e6d613259509ee6cf10f90b63b126f64fd91110
