15-Nov-21 19:52:17 - ************Append a problock!************
15-Nov-21 19:52:31 - ************Append a problock!************
15-Nov-21 19:52:44 - ************Append a problock!************
15-Nov-21 19:52:59 - ************Append a problock!************
15-Nov-21 19:53:10 - 收到足够多teeproofsig的txblock个数为
15-Nov-21 19:53:10 - 21
15-Nov-21 19:53:10 - 已经上链的交易数量为
15-Nov-21 19:53:10 - 当前验证的交易在链上的位置为
15-Nov-21 19:53:10 - 31500
15-Nov-21 19:53:10 - 1
15-Nov-21 19:53:10 - tps is:
15-Nov-21 19:53:10 - 当前已经发送teeproof的个数为
15-Nov-21 19:53:10 - 473.9971846153727
15-Nov-21 19:53:10 - 24
15-Nov-21 19:53:12 - ************Append a problock!************
15-Nov-21 19:53:23 - 收到足够多teeproofsig的txblock个数为
15-Nov-21 19:53:23 - 20
15-Nov-21 19:53:23 - 已经上链的交易数量为
15-Nov-21 19:53:23 - 30000
15-Nov-21 19:53:23 - tps is:
15-Nov-21 19:53:23 - 774.2797896500705
15-Nov-21 19:53:23 - 当前验证的交易在链上的位置为
15-Nov-21 19:53:23 - 2
15-Nov-21 19:53:23 - 当前已经发送teeproof的个数为
15-Nov-21 19:53:23 - 23
15-Nov-21 19:53:26 - ************Append a problock!************
15-Nov-21 19:53:36 - 收到足够多teeproofsig的txblock个数为
15-Nov-21 19:53:36 - 22
15-Nov-21 19:53:36 - 已经上链的交易数量为
15-Nov-21 19:53:36 - 33000
15-Nov-21 19:53:36 - tps is:
15-Nov-21 19:53:36 - 1015.0549176991397
15-Nov-21 19:53:37 - 当前验证的交易在链上的位置为
15-Nov-21 19:53:37 - 3
15-Nov-21 19:53:37 - 当前已经发送teeproof的个数为
15-Nov-21 19:53:37 - 25
15-Nov-21 19:53:40 - ************Append a problock!************
